functions/src/config-operations.ts(24,36): error TS4111: Property 'FUNCTIONS_EMULATOR' comes from an index signature, so it must be accessed with ['FUNCTIONS_EMULATOR'].
functions/src/config-operations.ts(25,35): error TS4111: Property 'FIREBASE_CONFIG' comes from an index signature, so it must be accessed with ['FIREBASE_CONFIG'].
functions/src/config-operations.ts(26,36): error TS4111: Property 'FUNCTION_TARGET' comes from an index signature, so it must be accessed with ['FUNCTION_TARGET'].
functions/src/config-operations.ts(32,35): error TS4111: Property 'FUNCTION_TARGET' comes from an index signature, so it must be accessed with ['FUNCTION_TARGET'].
functions/src/config-operations.ts(33,38): error TS4111: Property 'FUNCTIONS_EMULATOR' comes from an index signature, so it must be accessed with ['FUNCTIONS_EMULATOR'].
functions/src/config-operations.ts(34,37): error TS4111: Property 'FIREBASE_CONFIG' comes from an index signature, so it must be accessed with ['FIREBASE_CONFIG'].
functions/src/config-operations.ts(125,36): error TS4111: Property 'FUNCTIONS_EMULATOR' comes from an index signature, so it must be accessed with ['FUNCTIONS_EMULATOR'].
functions/src/config-operations.ts(126,35): error TS4111: Property 'FIREBASE_CONFIG' comes from an index signature, so it must be accessed with ['FIREBASE_CONFIG'].
functions/src/config-operations.ts(127,36): error TS4111: Property 'FUNCTION_TARGET' comes from an index signature, so it must be accessed with ['FUNCTION_TARGET'].
functions/src/config-operations.ts(171,35): error TS4111: Property 'floor' comes from an index signature, so it must be accessed with ['floor'].
functions/src/config-operations.ts(175,25): error TS4111: Property 'optedForWifi' comes from an index signature, so it must be accessed with ['optedForWifi'].
functions/src/index.ts(31,24): error TS4111: Property 'NODE_ENV' comes from an index signature, so it must be accessed with ['NODE_ENV'].
functions/src/index.ts(32,31): error TS4111: Property 'FUNCTION_TARGET' comes from an index signature, so it must be accessed with ['FUNCTION_TARGET'].
functions/src/index.ts(56,37): error TS4111: Property 'FUNCTION_TARGET' comes from an index signature, so it must be accessed with ['FUNCTION_TARGET'].
functions/src/index.ts(104,33): error TS2532: Object is possibly 'undefined'.
functions/src/index.ts(105,53): error TS4111: Property 'currentOutstanding' comes from an index signature, so it must be accessed with ['currentOutstanding'].
functions/src/index.ts(108,22): error TS2532: Object is possibly 'undefined'.
functions/src/index.ts(215,37): error TS4111: Property 'FUNCTION_TARGET' comes from an index signature, so it must be accessed with ['FUNCTION_TARGET'].
functions/src/index.ts(248,51): error TS4111: Property 'totalDepositAgreed' comes from an index signature, so it must be accessed with ['totalDepositAgreed'].
functions/src/index.ts(265,31): error TS2532: Object is possibly 'undefined'.
functions/src/index.ts(266,51): error TS4111: Property 'currentOutstanding' comes from an index signature, so it must be accessed with ['currentOutstanding'].
functions/src/index.ts(269,20): error TS2532: Object is possibly 'undefined'.
functions/src/index.ts(283,32): error TS4111: Property 'name' comes from an index signature, so it must be accessed with ['name'].
functions/src/index.ts(292,32): error TS4111: Property 'name' comes from an index signature, so it must be accessed with ['name'].
src/components/admin/members/components/DeleteStudentModal.tsx(7,73): error TS2307: Cannot find module '../../lib/firestore' or its corresponding type declarations.
src/components/admin/members/components/DeleteStudentModal.tsx(8,30): error TS2307: Cannot find module '../../types/student' or its corresponding type declarations.
src/components/admin/members/components/StudentModal.tsx(20,27): error TS2307: Cannot find module '../../hooks/useConfig' or its corresponding type declarations.
src/components/admin/members/components/StudentModal.tsx(21,43): error TS2307: Cannot find module '../../lib/firestore' or its corresponding type declarations.
src/components/admin/members/components/StudentModal.tsx(22,50): error TS2307: Cannot find module '../../types/student' or its corresponding type declarations.
src/components/admin/members/components/StudentModal.tsx(185,33): error TS7006: Parameter 'floor' implicitly has an 'any' type.
src/components/admin/settings/components/AdminManagement.tsx(24,10): error TS6133: 'adminConfig' is declared but its value is never read.
src/components/AppRouter.tsx(7,28): error TS2307: Cannot find module '@/components/admin/AdminDashboard' or its corresponding type declarations.
src/lib/firebase.ts(94,17): error TS2339: Property 'admins' does not exist on type 'ConfigData'.
src/lib/firebase.ts(95,21): error TS2339: Property 'admins' does not exist on type 'ConfigData'.
